i18next: languageChanged en-US
contentScript.js:2 i18next: initialized Object
19The source list for the Content Security Policy directive 'default-src' contains an invalid source: ''unsafe-dynamic''. It will be ignored.
19The Content-Security-Policy directive 'default-src' contains 'report-uri' as a source expression. Did you want to add it as a directive and forget a semicolon?
19The source list for Content Security Policy directive 'default-src' contains a source with an invalid path: '/api/4509669501698048/security/?sentry_key=7eb3d90eb4660416caf507087367e67e'. The query component, including the '?', will be ignored.
PawsitiveCheck:1  The source list for the Content Security Policy directive 'default-src' contains an invalid source: ''unsafe-dynamic''. It will be ignored.
PawsitiveCheck:1  The Content-Security-Policy directive 'default-src' contains 'report-uri' as a source expression. Did you want to add it as a directive and forget a semicolon?
PawsitiveCheck:1  The source list for Content Security Policy directive 'default-src' contains a source with an invalid path: '/api/4509669501698048/security/?sentry_key=7eb3d90eb4660416caf507087367e67e'. The query component, including the '?', will be ignored.
_app-703506d0c307dea6.js:38 
      /////////////////////
   ///////////////////////////
  ////////@@@@@@@//////////////
  ////////@@@@@@@//////////////
  ////////@@@@@@@//////////////        Curious and driven?
  ///////////////@@@@@@@///////        Work with us!
  ///////////////@@@@@@@///////
  ///////////////@@@@@@@///////        https://join.replit.com/hack.with.us
  ////////@@@@@@@//////////////
  ////////@@@@@@@//////////////
  ////////@@@@@@#//////////////
   ///////////////////////////
      /////////////////////
      
_app-703506d0c307dea6.js:38 [LaunchDarkly] LaunchDarkly client initialized
chrome-extension://invalid/:1   Failed to load resource: net::ERR_FAILED
chrome-extension://invalid/:1   Failed to load resource: net::ERR_FAILED
chrome-extension://invalid/:1   Failed to load resource: net::ERR_FAILED
chrome-extension://invalid/:1   Failed to load resource: net::ERR_FAILED
chrome-extension://invalid/:1   Failed to load resource: net::ERR_FAILED
chrome-extension://invalid/:1   Failed to load resource: net::ERR_FAILED
chrome-extension://invalid/:1   Failed to load resource: net::ERR_FAILED
analytics.tiktok.com/i18n/pixel/events.js?sdkid=D004GE3C77U8PIVDSDJG&lib=ttq:1   Failed to load resource: net::ERR_BLOCKED_BY_CLIENT
ops.js:48  Uncaught DataCloneError: Failed to execute 'postMessage' on 'Window': Port at index 0 is already neutered.
    at o (ops.js:48:16)
prod-website-gateway.fetch.com/web-extension/offers:1   Failed to load resource: the server responded with a status of 401 ()
6Tracking Prevention blocked access to storage for <URL>.
8Error while parsing the 'sandbox' attribute: 'allow-downloads-without-user-activation' is an invalid sandbox flag.
framework-0ee7ad8bf58c0bb4.js:1  Unrecognized feature: 'ambient-light-sensor'.
_ @ framework-0ee7ad8bf58c0bb4.js:1
framework-0ee7ad8bf58c0bb4.js:1  Unrecognized feature: 'battery'.
_ @ framework-0ee7ad8bf58c0bb4.js:1
framework-0ee7ad8bf58c0bb4.js:1  Unrecognized feature: 'execution-while-not-rendered'.
_ @ framework-0ee7ad8bf58c0bb4.js:1
framework-0ee7ad8bf58c0bb4.js:1  Unrecognized feature: 'execution-while-out-of-viewport'.
_ @ framework-0ee7ad8bf58c0bb4.js:1
framework-0ee7ad8bf58c0bb4.js:1  Unrecognized feature: 'layout-animations'.
_ @ framework-0ee7ad8bf58c0bb4.js:1
framework-0ee7ad8bf58c0bb4.js:1  Unrecognized feature: 'legacy-image-formats'.
_ @ framework-0ee7ad8bf58c0bb4.js:1
framework-0ee7ad8bf58c0bb4.js:1  Unrecognized feature: 'navigation-override'.
_ @ framework-0ee7ad8bf58c0bb4.js:1
framework-0ee7ad8bf58c0bb4.js:1  Unrecognized feature: 'oversized-images'.
_ @ framework-0ee7ad8bf58c0bb4.js:1
framework-0ee7ad8bf58c0bb4.js:1  Unrecognized feature: 'publickey-credentials'.
_ @ framework-0ee7ad8bf58c0bb4.js:1
framework-0ee7ad8bf58c0bb4.js:1  Unrecognized feature: 'speaker-selection'.
_ @ framework-0ee7ad8bf58c0bb4.js:1
framework-0ee7ad8bf58c0bb4.js:1  Unrecognized feature: 'unoptimized-images'.
_ @ framework-0ee7ad8bf58c0bb4.js:1
framework-0ee7ad8bf58c0bb4.js:1  Unrecognized feature: 'unsized-media'.
_ @ framework-0ee7ad8bf58c0bb4.js:1
framework-0ee7ad8bf58c0bb4.js:1  Unrecognized feature: 'pointer-lock'.
_ @ framework-0ee7ad8bf58c0bb4.js:1
framework-0ee7ad8bf58c0bb4.js:1  Allow attribute will take precedence over 'allowfullscreen'.
_ @ framework-0ee7ad8bf58c0bb4.js:1
framework-0ee7ad8bf58c0bb4.js:1  Allow attribute will take precedence over 'allowpaymentrequest'.
_ @ framework-0ee7ad8bf58c0bb4.js:1
6The resource <URL> was preloaded using link preload but not used within a few seconds from the window's load event. Please make sure it has an appropriate `as` value and it is preloaded intentionally.
PawsitiveCheck:1 Banner not shown: beforeinstallpromptevent.preventDefault() called. The page must call beforeinstallpromptevent.prompt() to show the banner.
contentScript.js:2  Error when handling getFlag for "allowedOriginsToCommunicateWith": A listener indicated an asynchronous response by returning true, but the message channel closed before a response was received
(anonymous) @ contentScript.js:2
contentScript.js:2  Uncaught (in promise) TypeError: Cannot read properties of undefined (reading 'includes')
    at contentScript.js:2:1061966
prod-website-gateway.fetch.com/web-extension/offers:1   Failed to load resource: the server responded with a status of 401 ()
prod-website-gateway.fetch.com/web-extension/offers:1   Failed to load resource: the server responded with a status of 401 ()
prod-website-gateway.fetch.com/web-extension/offers:1   Failed to load resource: the server responded with a status of 401 ()
prod-website-gateway.fetch.com/web-extension/offers:1   Failed to load resource: the server responded with a status of 401 ()
2contentScript.js:2  Error when handling getFlag for "allowedOriginsToCommunicateWith": A listener indicated an asynchronous response by returning true, but the message channel closed before a response was received
(anonymous) @ contentScript.js:2
2contentScript.js:2  Uncaught (in promise) TypeError: Cannot read properties of undefined (reading 'includes')
    at contentScript.js:2:1061966
prod-website-gateway.fetch.com/web-extension/offers:1   Failed to load resource: the server responded with a status of 401 ()
prod-website-gateway.fetch.com/web-extension/offers:1   Failed to load resource: the server responded with a status of 401 ()
prod-website-gateway.fetch.com/web-extension/offers:1   Failed to load resource: the server responded with a status of 401 ()
prod-website-gateway.fetch.com/web-extension/offers:1   Failed to load resource: the server responded with a status of 401 ()
prod-website-gateway.fetch.com/web-extension/offers:1   Failed to load resource: the server responded with a status of 401 ()
prod-website-gateway.fetch.com/web-extension/offers:1   Failed to load resource: the server responded with a status of 401 ()
prod-website-gateway.fetch.com/web-extension/offers:1   Failed to load resource: the server responded with a status of 401 ()
prod-website-gateway.fetch.com/web-extension/offers:1   Failed to load resource: the server responded with a status of 401 ()
prod-website-gateway.fetch.com/web-extension/offers:1   Failed to load resource: the server responded with a status of 401 ()
prod-website-gateway.fetch.com/web-extension/offers:1   Failed to load resource: the server responded with a status of 401 ()
workspace_iframe.html?initialPath=%2F&id=%3Arqo%3A:32  Unrecognized feature: 'ambient-light-sensor'.
workspace_iframe.html?initialPath=%2F&id=%3Arqo%3A:32  Unrecognized feature: 'battery'.
workspace_iframe.html?initialPath=%2F&id=%3Arqo%3A:32  Unrecognized feature: 'execution-while-not-rendered'.
workspace_iframe.html?initialPath=%2F&id=%3Arqo%3A:32  Unrecognized feature: 'execution-while-out-of-viewport'.
workspace_iframe.html?initialPath=%2F&id=%3Arqo%3A:32  Unrecognized feature: 'layout-animations'.
workspace_iframe.html?initialPath=%2F&id=%3Arqo%3A:32  Unrecognized feature: 'legacy-image-formats'.
workspace_iframe.html?initialPath=%2F&id=%3Arqo%3A:32  Unrecognized feature: 'navigation-override'.
workspace_iframe.html?initialPath=%2F&id=%3Arqo%3A:32  Unrecognized feature: 'oversized-images'.
workspace_iframe.html?initialPath=%2F&id=%3Arqo%3A:32  Unrecognized feature: 'publickey-credentials'.
workspace_iframe.html?initialPath=%2F&id=%3Arqo%3A:32  Unrecognized feature: 'speaker-selection'.
workspace_iframe.html?initialPath=%2F&id=%3Arqo%3A:32  Unrecognized feature: 'unoptimized-images'.
workspace_iframe.html?initialPath=%2F&id=%3Arqo%3A:32  Unrecognized feature: 'unsized-media'.
workspace_iframe.html?initialPath=%2F&id=%3Arqo%3A:32  Allow attribute will take precedence over 'allowfullscreen'.
workspace_iframe.html?initialPath=%2F&id=%3Arqo%3A:32  Allow attribute will take precedence over 'allowpaymentrequest'.
client:802  WebSocket connection to 'wss://059083a2-a2a5-4ec8-a102-d74ccfb64f20-00-2qvtd9mlye025.picard.replit.dev/?token=LznF7HJDQye_' failed: 
createConnection @ client:802
main.tsx:11 PWA: Service Worker registered successfully: https://059083a2-a2a5-4ec8-a102-d74ccfb64f20-00-2qvtd9mlye025.picard.replit.dev/
navbar.tsx:41 Navigation debug: Object
navbar.tsx:41 Navigation debug: Object
navbar.tsx:41 Navigation debug: Object
client:815  WebSocket connection to 'wss://localhost:5173/?token=LznF7HJDQye_' failed: 
createConnection @ client:815
client:830  [vite] failed to connect to websocket.
your current setup:
  (browser) 059083a2-a2a5-4ec8-a102-d74ccfb64f20-00-2qvtd9mlye025.picard.replit.dev/ <--[HTTP]--> localhost:5173/ (server)
  (browser) 059083a2-a2a5-4ec8-a102-d74ccfb64f20-00-2qvtd9mlye025.picard.replit.dev:/ <--[WebSocket (failing)]--> localhost:5173/ (server)
Check out your Vite / network configuration and https://vite.dev/config/server-options.html#server-hmr .
connect @ client:830
navbar.tsx:81 Hamburger clicked, current state: false
navbar.tsx:41 Navigation debug: Object
navbar.tsx:41 Navigation debug: Object
navbar.tsx:151  Uncaught TypeError: navigation.map is not a function
    at Navbar (navbar.tsx:151:31)
    at renderWithHooks (react-dom.development.js:15486:18)
    at updateFunctionComponent (react-dom.development.js:19617:20)
    at beginWork (react-dom.development.js:21640:16)
    at HTMLUnknownElement.callCallback2 (react-dom.development.js:4164:14)
    at Object.invokeGuardedCallbackDev (react-dom.development.js:4213:16)
    at invokeGuardedCallback (react-dom.development.js:4277:31)
    at beginWork$1 (react-dom.development.js:27490:7)
    at performUnitOfWork (react-dom.development.js:26596:12)
    at workLoopSync (react-dom.development.js:26505:5)
navbar.tsx:41 Navigation debug: Object
navbar.tsx:41 Navigation debug: Object
navbar.tsx:151  Uncaught TypeError: navigation.map is not a function
    at Navbar (navbar.tsx:151:31)
    at renderWithHooks (react-dom.development.js:15486:18)
    at updateFunctionComponent (react-dom.development.js:19617:20)
    at beginWork (react-dom.development.js:21640:16)
    at HTMLUnknownElement.callCallback2 (react-dom.development.js:4164:14)
    at Object.invokeGuardedCallbackDev (react-dom.development.js:4213:16)
    at invokeGuardedCallback (react-dom.development.js:4277:31)
    at beginWork$1 (react-dom.development.js:27490:7)
    at performUnitOfWork (react-dom.development.js:26596:12)
    at workLoopSync (react-dom.development.js:26505:5)
react-dom.development.js:18704  The above error occurred in the <Navbar> component:

    at Navbar (https://059083a2-a2a5-4ec8-a102-d74ccfb64f20-00-2qvtd9mlye025.picard.replit.dev/src/components/navbar.tsx:28:48)
    at div
    at Home (https://059083a2-a2a5-4ec8-a102-d74ccfb64f20-00-2qvtd9mlye025.picard.replit.dev/src/pages/home.tsx:29:20)
    at Route (https://059083a2-a2a5-4ec8-a102-d74ccfb64f20-00-2qvtd9mlye025.picard.replit.dev/@fs/home/runner/workspace/node_modules/.vite/deps/wouter.js?v=780c3efc:206:16)
    at Switch (https://059083a2-a2a5-4ec8-a102-d74ccfb64f20-00-2qvtd9mlye025.picard.replit.dev/@fs/home/runner/workspace/node_modules/.vite/deps/wouter.js?v=780c3efc:262:17)
    at Router (https://059083a2-a2a5-4ec8-a102-d74ccfb64f20-00-2qvtd9mlye025.picard.replit.dev/src/App.tsx?v=4GfSRz5h_pdCX44_F3dWb:56:42)
    at Provider (https://059083a2-a2a5-4ec8-a102-d74ccfb64f20-00-2qvtd9mlye025.picard.replit.dev/@fs/home/runner/workspace/node_modules/.vite/deps/chunk-OXZDJRWN.js?v=780c3efc:38:15)
    at TooltipProvider (https://059083a2-a2a5-4ec8-a102-d74ccfb64f20-00-2qvtd9mlye025.picard.replit.dev/@fs/home/runner/workspace/node_modules/.vite/deps/@radix-ui_react-tooltip.js?v=780c3efc:65:5)
    at QueryClientProvider (https://059083a2-a2a5-4ec8-a102-d74ccfb64f20-00-2qvtd9mlye025.picard.replit.dev/@fs/home/runner/workspace/node_modules/.vite/deps/@tanstack_react-query.js?v=780c3efc:2934:3)
    at App

Consider adding an error boundary to your tree to customize error handling behavior.
Visit https://reactjs.org/link/error-boundaries to learn more about error boundaries.
logCapturedError @ react-dom.development.js:18704
react-dom.development.js:12056  Uncaught TypeError: navigation.map is not a function
    at Navbar (navbar.tsx:151:31)
    at renderWithHooks (react-dom.development.js:15486:18)
    at updateFunctionComponent (react-dom.development.js:19617:20)
    at beginWork (react-dom.development.js:21640:16)
    at beginWork$1 (react-dom.development.js:27465:14)
    at performUnitOfWork (react-dom.development.js:26596:12)
    at workLoopSync (react-dom.development.js:26505:5)
    at renderRootSync (react-dom.development.js:26473:7)
    at recoverFromConcurrentError (react-dom.development.js:25889:20)
    at performSyncWorkOnRoot (react-dom.development.js:26135:20)
2client:882  [vite] TypeError: Cannot read properties of undefined (reading 'send')
    at Object.send (client:483:10)
    at Object.send (client:849:21)
    at Object.send (client:326:24)
    at Object.send (client:417:33)
    at HMRClient.send (client:136:20)
    at HMRContext.send (client:100:20)
    at sendError ((index):16:7)
    at (index):20:3
    at Object.invokeGuardedCallbackDev (react-dom.development.js:4213:16)
    at invokeGuardedCallback (react-dom.development.js:4277:31)
error @ client:882
client:882  [vite] TypeError: Cannot read properties of undefined (reading 'send')
    at Object.send (client:483:10)
    at Object.send (client:849:21)
    at Object.send (client:326:24)
    at Object.send (client:417:33)
    at HMRClient.send (client:136:20)
    at HMRContext.send (client:100:20)
    at sendError ((index):16:7)
    at (index):20:3
error @ client:882